<?xml version="1.0" encoding="UTF-8" ?>
<testsuite tests="9" failures="0" name="com.github.shmoli.kafka.connect.source.metricsapi.MetricsAPISourceTaskTest" time="0.431" errors="0" skipped="0">
  <properties>
[...]
</properties>
  <testcase classname="com.github.shmoli.kafka.connect.source.metricsapi.MetricsAPISourceTaskTest" name="testBuildRecordNamePrefixTopicSep" time="0.19"/>
  <testcase classname="com.github.shmoli.kafka.connect.source.metricsapi.MetricsAPISourceTaskTest" name="testBuildRecordNameWithNoTopic" time="0"/>
  <testcase classname="com.github.shmoli.kafka.connect.source.metricsapi.MetricsAPISourceTaskTest" name="whenSleepUntilNextSampleCalled_timePasses" time="0.232"/>
  <testcase classname="com.github.shmoli.kafka.connect.source.metricsapi.MetricsAPISourceTaskTest" name="testBuildRecordNamePrefix" time="0.002"/>
  <testcase classname="com.github.shmoli.kafka.connect.source.metricsapi.MetricsAPISourceTaskTest" name="testBuildRecordNameNonDefaultSeparator" time="0.002"/>
  <testcase classname="com.github.shmoli.kafka.connect.source.metricsapi.MetricsAPISourceTaskTest" name="testBuildRecordNameWithTopic" time="0.001"/>
  <testcase classname="com.github.shmoli.kafka.connect.source.metricsapi.MetricsAPISourceTaskTest" name="whenGetNextSampleTimeCalled_timeIsValid" time="0"/>
  <testcase classname="com.github.shmoli.kafka.connect.source.metricsapi.MetricsAPISourceTaskTest" name="whenGetNextSampleTimeCalled_timeIsMinuteAligned" time="0"/>
  <testcase classname="com.github.shmoli.kafka.connect.source.metricsapi.MetricsAPISourceTaskTest" name="testTimestampParsing" time="0.004"/>
</testsuite>